<?xml version="1.0" encoding="UTF-8"?>
<!-- Generated by org.testng.reporters.JUnitXMLReporter -->
<testsuite ignored="3" hostname="DESKTOP-KT9NI55" failures="0" tests="2" name="car loan" time="0.013" errors="0" timestamp="2024-02-08T22:31:01 IST">
  <testcase classname="testngPractice.day3" name="Apilogincarloan" time="0.003"/>
  <testcase classname="testngPractice.day3" name="Weblogincarloan" time="0.001"/>
  <testcase classname="testngPractice.day3" name="Mobilesignoutcarloan" time="0.0">
    <ignored/>
  </testcase> <!-- Mobilesignoutcarloan -->
  <testcase classname="testngPractice.day3" name="Mobilelogincarloan" time="0.0">
    <ignored/>
  </testcase> <!-- Mobilelogincarloan -->
  <testcase classname="testngPractice.day3" name="Mobilesignincarloan" time="0.0">
    <ignored/>
  </testcase> <!-- Mobilesignincarloan -->
</testsuite> <!-- car loan -->
