<?xml version="1.0" encoding="UTF-8"?>
<!-- Generated by org.testng.reporters.JUnitXMLReporter -->
<testsuite ignored="0" hostname="DESKTOP-KT9NI55" failures="0" tests="11" name="Test" time="0.087" errors="0" timestamp="2024-02-08T22:36:44 IST">
  <testcase classname="testngPractice.day1" name="demo" time="0.007"/>
  <testcase classname="testngPractice.day1" name="demo1" time="0.001"/>
  <testcase classname="testngPractice.day2" name="demo" time="0.002"/>
  <testcase classname="testngPractice.day3" name="Apilogincarloan" time="0.001"/>
  <testcase classname="testngPractice.day3" name="Mobilelogincarloan" time="0.002"/>
  <testcase classname="testngPractice.day3" name="Mobilesignincarloan" time="0.002"/>
  <testcase classname="testngPractice.day3" name="Mobilesignoutcarloan" time="0.001"/>
  <testcase classname="testngPractice.day3" name="Weblogincarloan" time="0.002"/>
  <testcase classname="testngPractice.day4" name="Apiloginhomeloan" time="0.002"/>
  <testcase classname="testngPractice.day4" name="Mobileloginhomeloan" time="0.002"/>
  <testcase classname="testngPractice.day4" name="Webloginhomeloan" time="0.002"/>
</testsuite> <!-- Test -->
